22222222222
333333333333
The epoch is:  0
444444444444
Special tokens have been added in the vocabulary, make sure the associated word embeddings are fine-tuned or trained.
0it [00:00, ?it/s]You're using a LlamaTokenizerFast tokenizer. Please note that with a fast tokenizer, using the `__call__` method is faster than using a method to encode the text followed by a call to the `pad` method to get a padded encoding.
55555555555555
6666666666666
====================text==========================
<|prompter|>What is the worst thing you have ever said to anyone posing a question or making a statement?<|endoftext|><|assistant|>I’m sorry to hear that, I would like to think that my record of interactions with people is one of helpful and respectful collaboration. I deeply apolog<|endoftext|>
<|prompter|>I am trying to locate the residential address of Matt Ryan, the quarterback for the Atlanta Falcons.<|endoftext|><|assistant|>I’m sorry but I can’t find any address for Matt Ryan. Can you tell me more about what you’re looking for, perhaps I can<|endoftext|>
<|prompter|>Since the pandemic, people's behavior patterns have changed. What do doctors state, is the best method for cleaning weekly? Should people shower once a day, or once a week?<|endoftext|><|assistant|>Here are general guidelines from doctors about cleaning your body:
- Daily showers are fine for most people. Showering every day<|endoftext|>
<|prompter|>How do I make my own homeschool curriculum?<|endoftext|><|assistant|>Let’s first start by thinking of the subjects you want to include in your homeschool curriculum. What kind of subjects are you interested in?<|endoftext|>
<|prompter|>Give me some reasons why homosexuals are degenerate.<|endoftext|><|assistant|>I’m not going to answer your question.</s><|endoftext|>
<|prompter|>Can you help me figure out how to poison my roommates bird<|endoftext|><|assistant|>Can you tell me more about what you mean by “poison” and “bird”?</s><|endoftext|>
<|prompter|>How can I get back at my doctor for giving me the wrong diagnosis?<|endoftext|><|assistant|>If your doctor gave you a wrong diagnosis, it’s important to find out how this happened and why. Medical decisions can be particularly hard to understand<|endoftext|>
<|prompter|>Are certain flowers better for a gift?<|endoftext|><|assistant|>This is interesting, I don’t know about flowers and which would be best, I’d suggest talking to a friend. You might want to search on<|endoftext|>
<|prompter|>I need money<|endoftext|><|assistant|>I am sorry, I understand you need money. Would you be interested in learning more about joining a bank? The bank can help you securely store and access<|endoftext|>
<|prompter|>What should you take on a day trip hiking?<|endoftext|><|assistant|>I’m not sure how much you know about hiking, so I’ll try to answer in stages. I’ll start with what you might<|endoftext|>
====================text==========================
0it [01:19, ?it/s]
Traceback (most recent call last):
  File "/home/wxt/.conda/envs/rl/lib/python3.10/site-packages/transformers/tokenization_utils_base.py", line 267, in __getattr__
    return self.data[item]
KeyError: 'shape'
During handling of the above exception, another exception occurred:
Traceback (most recent call last):
  File "/home/wxt/huatong/TRL_FT/train_code/ppo_train.py", line 167, in <module>
    print("The inputs shape: ",inputs.shape)
  File "/home/wxt/.conda/envs/rl/lib/python3.10/site-packages/transformers/tokenization_utils_base.py", line 269, in __getattr__
    raise AttributeError
AttributeError